[1.113s] DEBUG:colcon:Command line arguments: ['/usr/bin/colcon', 'build']
[1.114s] DEBUG:colcon:Parsed command line arguments: Namespace(log_base=None, log_level=None, verb_name='build', build_base='build', install_base='install', merge_install=False, symlink_install=False, test_result_base=None, continue_on_error=False, executor='parallel', parallel_workers=2, event_handlers=None, ignore_user_meta=False, metas=['./colcon.meta'], base_paths=['.'], packages_ignore=None, packages_ignore_regex=None, paths=None, packages_up_to=None, packages_up_to_regex=None, packages_above=None, packages_above_and_dependencies=None, packages_above_depth=None, packages_select_by_dep=None, packages_skip_by_dep=None, packages_skip_up_to=None, packages_select_build_failed=False, packages_skip_build_finished=False, packages_select_test_failures=False, packages_skip_test_passed=False, packages_select=None, packages_skip=None, packages_select_regex=None, packages_skip_regex=None, packages_start=None, packages_end=None, allow_overriding=[], cmake_args=None, cmake_target=None, cmake_target_skip_unavailable=False, cmake_clean_cache=False, cmake_clean_first=False, cmake_force_configure=False, ament_cmake_args=None, catkin_cmake_args=None, catkin_skip_building_tests=False, verb_parser=<colcon_defaults.argument_parser.defaults.DefaultArgumentsDecorator object at 0x7feb155f8670>, verb_extension=<colcon_core.verb.build.BuildVerb object at 0x7feb160522c0>, main=<bound method BuildVerb.main of <colcon_core.verb.build.BuildVerb object at 0x7feb160522c0>>)
[1.181s] Level 1:colcon.colcon_core.package_discovery:discover_packages(colcon_meta) check parameters
[1.181s] Level 1:colcon.colcon_core.package_discovery:discover_packages(recursive) check parameters
[1.182s] Level 1:colcon.colcon_core.package_discovery:discover_packages(ignore) check parameters
[1.182s] Level 1:colcon.colcon_core.package_discovery:discover_packages(path) check parameters
[1.182s] Level 1:colcon.colcon_core.package_discovery:discover_packages(colcon_meta) discover
[1.182s] Level 1:colcon.colcon_core.package_discovery:discover_packages(recursive) discover
[1.182s] INFO:colcon.colcon_core.package_discovery:Crawling recursively for packages in '/home/nick/ros_ws/src/teleop_twist_joy'
[1.182s] Level 1:colcon.colcon_core.package_identification:_identify(.) by extensions ['ignore', 'ignore_ament_install']
[1.183s] Level 1:colcon.colcon_core.package_identification:_identify(.) by extension 'ignore'
[1.183s] Level 1:colcon.colcon_core.package_identification:_identify(.) by extension 'ignore_ament_install'
[1.183s] Level 1:colcon.colcon_core.package_identification:_identify(.) by extensions ['colcon_pkg']
[1.183s] Level 1:colcon.colcon_core.package_identification:_identify(.) by extension 'colcon_pkg'
[1.183s] Level 1:colcon.colcon_core.package_identification:_identify(.) by extensions ['colcon_meta']
[1.184s] Level 1:colcon.colcon_core.package_identification:_identify(.) by extension 'colcon_meta'
[1.184s] Level 1:colcon.colcon_core.package_identification:_identify(.) by extensions ['ros']
[1.184s] Level 1:colcon.colcon_core.package_identification:_identify(.) by extension 'ros'
[1.230s] DEBUG:colcon.colcon_core.package_identification:Package '.' with type 'ros.ament_cmake' and name 'teleop_twist_joy'
[1.230s] Level 1:colcon.colcon_core.package_discovery:discover_packages(recursive) using defaults
[1.230s] Level 1:colcon.colcon_core.package_discovery:discover_packages(ignore) discover
[1.230s] Level 1:colcon.colcon_core.package_discovery:discover_packages(ignore) using defaults
[1.230s] Level 1:colcon.colcon_core.package_discovery:discover_packages(path) discover
[1.230s] Level 1:colcon.colcon_core.package_discovery:discover_packages(path) using defaults
[1.303s] Level 1:colcon.colcon_core.package_discovery:discover_packages(prefix_path) check parameters
[1.303s] Level 1:colcon.colcon_core.package_discovery:discover_packages(prefix_path) discover
[1.314s] DEBUG:colcon.colcon_installed_package_information.package_discovery:Found 269 installed packages in /opt/ros/humble
[1.320s] Level 1:colcon.colcon_core.package_discovery:discover_packages(prefix_path) using defaults
[1.530s] Level 5:colcon.colcon_core.verb:set package 'teleop_twist_joy' build argument 'cmake_args' from command line to 'None'
[1.530s] Level 5:colcon.colcon_core.verb:set package 'teleop_twist_joy' build argument 'cmake_target' from command line to 'None'
[1.530s] Level 5:colcon.colcon_core.verb:set package 'teleop_twist_joy' build argument 'cmake_target_skip_unavailable' from command line to 'False'
[1.531s] Level 5:colcon.colcon_core.verb:set package 'teleop_twist_joy' build argument 'cmake_clean_cache' from command line to 'False'
[1.531s] Level 5:colcon.colcon_core.verb:set package 'teleop_twist_joy' build argument 'cmake_clean_first' from command line to 'False'
[1.531s] Level 5:colcon.colcon_core.verb:set package 'teleop_twist_joy' build argument 'cmake_force_configure' from command line to 'False'
[1.531s] Level 5:colcon.colcon_core.verb:set package 'teleop_twist_joy' build argument 'ament_cmake_args' from command line to 'None'
[1.531s] Level 5:colcon.colcon_core.verb:set package 'teleop_twist_joy' build argument 'catkin_cmake_args' from command line to 'None'
[1.531s] Level 5:colcon.colcon_core.verb:set package 'teleop_twist_joy' build argument 'catkin_skip_building_tests' from command line to 'False'
[1.531s] DEBUG:colcon.colcon_core.verb:Building package 'teleop_twist_joy' with the following arguments: {'ament_cmake_args': None, 'build_base': '/home/nick/ros_ws/src/teleop_twist_joy/build/teleop_twist_joy', 'catkin_cmake_args': None, 'catkin_skip_building_tests': False, 'cmake_args': None, 'cmake_clean_cache': False, 'cmake_clean_first': False, 'cmake_force_configure': False, 'cmake_target': None, 'cmake_target_skip_unavailable': False, 'install_base': '/home/nick/ros_ws/src/teleop_twist_joy/install/teleop_twist_joy', 'merge_install': False, 'path': '/home/nick/ros_ws/src/teleop_twist_joy', 'symlink_install': False, 'test_result_base': None}
[1.533s] INFO:colcon.colcon_core.executor:Executing jobs using 'parallel' executor
[1.545s] DEBUG:colcon.colcon_parallel_executor.executor.parallel:run_until_complete
[1.545s] INFO:colcon.colcon_ros.task.ament_cmake.build:Building ROS package in '/home/nick/ros_ws/src/teleop_twist_joy' with build type 'ament_cmake'
[1.545s] INFO:colcon.colcon_cmake.task.cmake.build:Building CMake package in '/home/nick/ros_ws/src/teleop_twist_joy'
[1.558s] INFO:colcon.colcon_core.plugin_system:Skipping extension 'colcon_core.shell.bat': Not used on non-Windows systems
[1.559s] INFO:colcon.colcon_core.shell:Skip shell extension 'powershell' for command environment: Not usable outside of PowerShell
[1.559s] DEBUG:colcon.colcon_core.shell:Skip shell extension 'dsv' for command environment
[1.587s] DEBUG:colcon.colcon_core.event_handler.log_command:Invoking command in '/home/nick/ros_ws/src/teleop_twist_joy/build/teleop_twist_joy': CMAKE_PREFIX_PATH=/opt/ros/humble /usr/bin/cmake /home/nick/ros_ws/src/teleop_twist_joy -DCMAKE_INSTALL_PREFIX=/home/nick/ros_ws/src/teleop_twist_joy/install/teleop_twist_joy
[8.513s] DEBUG:colcon.colcon_core.event_handler.log_command:Invoked command in '/home/nick/ros_ws/src/teleop_twist_joy/build/teleop_twist_joy' returned '0': CMAKE_PREFIX_PATH=/opt/ros/humble /usr/bin/cmake /home/nick/ros_ws/src/teleop_twist_joy -DCMAKE_INSTALL_PREFIX=/home/nick/ros_ws/src/teleop_twist_joy/install/teleop_twist_joy
[8.516s] DEBUG:colcon.colcon_core.event_handler.log_command:Invoking command in '/home/nick/ros_ws/src/teleop_twist_joy/build/teleop_twist_joy': CMAKE_PREFIX_PATH=/opt/ros/humble /usr/bin/cmake --build /home/nick/ros_ws/src/teleop_twist_joy/build/teleop_twist_joy -- -j2 -l2
[32.941s] DEBUG:colcon.colcon_parallel_executor.executor.parallel:run_until_complete was interrupted
[32.942s] DEBUG:colcon.colcon_parallel_executor.executor.parallel:run_until_complete again
[33.092s] DEBUG:colcon.colcon_core.event_handler.log_command:Invoked command in '/home/nick/ros_ws/src/teleop_twist_joy/build/teleop_twist_joy' returned '-2': CMAKE_PREFIX_PATH=/opt/ros/humble /usr/bin/cmake --build /home/nick/ros_ws/src/teleop_twist_joy/build/teleop_twist_joy -- -j2 -l2
[33.228s] Level 1:colcon.colcon_core.environment:create_environment_scripts_only(teleop_twist_joy)
[33.244s] Level 1:colcon.colcon_core.environment:checking '/home/nick/ros_ws/src/teleop_twist_joy/install/teleop_twist_joy' for CMake module files
[33.246s] Level 1:colcon.colcon_core.environment:checking '/home/nick/ros_ws/src/teleop_twist_joy/install/teleop_twist_joy' for CMake config files
[33.247s] Level 1:colcon.colcon_core.environment:checking '/home/nick/ros_ws/src/teleop_twist_joy/install/teleop_twist_joy/bin'
[33.247s] Level 1:colcon.colcon_core.environment:checking '/home/nick/ros_ws/src/teleop_twist_joy/install/teleop_twist_joy/lib/pkgconfig/teleop_twist_joy.pc'
[33.248s] Level 1:colcon.colcon_core.environment:checking '/home/nick/ros_ws/src/teleop_twist_joy/install/teleop_twist_joy/lib/python3.10/site-packages'
[33.248s] Level 1:colcon.colcon_core.environment:checking '/home/nick/ros_ws/src/teleop_twist_joy/install/teleop_twist_joy/bin'
[33.254s] INFO:colcon.colcon_core.shell:Creating package script '/home/nick/ros_ws/src/teleop_twist_joy/install/teleop_twist_joy/share/teleop_twist_joy/package.ps1'
[33.259s] INFO:colcon.colcon_core.shell:Creating package descriptor '/home/nick/ros_ws/src/teleop_twist_joy/install/teleop_twist_joy/share/teleop_twist_joy/package.dsv'
[33.261s] INFO:colcon.colcon_core.shell:Creating package script '/home/nick/ros_ws/src/teleop_twist_joy/install/teleop_twist_joy/share/teleop_twist_joy/package.sh'
[33.264s] INFO:colcon.colcon_core.shell:Creating package script '/home/nick/ros_ws/src/teleop_twist_joy/install/teleop_twist_joy/share/teleop_twist_joy/package.bash'
[33.266s] INFO:colcon.colcon_core.shell:Creating package script '/home/nick/ros_ws/src/teleop_twist_joy/install/teleop_twist_joy/share/teleop_twist_joy/package.zsh'
[33.268s] Level 1:colcon.colcon_core.environment:create_file_with_runtime_dependencies(/home/nick/ros_ws/src/teleop_twist_joy/install/teleop_twist_joy/share/colcon-core/packages/teleop_twist_joy)
[33.271s] DEBUG:colcon.colcon_parallel_executor.executor.parallel:run_until_complete finished
[33.271s] DEBUG:colcon.colcon_parallel_executor.executor.parallel:closing loop
[33.272s] DEBUG:colcon.colcon_parallel_executor.executor.parallel:loop closed
[33.272s] DEBUG:colcon.colcon_core.event_reactor:joining thread
[33.340s] INFO:colcon.colcon_core.plugin_system:Skipping extension 'colcon_notification.desktop_notification.terminal_notifier': Not used on non-Darwin systems
[33.340s] INFO:colcon.colcon_core.plugin_system:Skipping extension 'colcon_notification.desktop_notification.win32': Not used on non-Windows systems
[33.340s] INFO:colcon.colcon_notification.desktop_notification:Sending desktop notification using 'notify2'
[33.395s] DEBUG:colcon.colcon_core.event_reactor:joined thread
[33.400s] INFO:colcon.colcon_core.shell:Creating prefix script '/home/nick/ros_ws/src/teleop_twist_joy/install/local_setup.ps1'
[33.406s] INFO:colcon.colcon_core.shell:Creating prefix util module '/home/nick/ros_ws/src/teleop_twist_joy/install/_local_setup_util_ps1.py'
[33.413s] INFO:colcon.colcon_core.shell:Creating prefix chain script '/home/nick/ros_ws/src/teleop_twist_joy/install/setup.ps1'
[33.420s] INFO:colcon.colcon_core.shell:Creating prefix script '/home/nick/ros_ws/src/teleop_twist_joy/install/local_setup.sh'
[33.423s] INFO:colcon.colcon_core.shell:Creating prefix util module '/home/nick/ros_ws/src/teleop_twist_joy/install/_local_setup_util_sh.py'
[33.426s] INFO:colcon.colcon_core.shell:Creating prefix chain script '/home/nick/ros_ws/src/teleop_twist_joy/install/setup.sh'
[33.435s] INFO:colcon.colcon_core.shell:Creating prefix script '/home/nick/ros_ws/src/teleop_twist_joy/install/local_setup.bash'
[33.449s] INFO:colcon.colcon_core.shell:Creating prefix chain script '/home/nick/ros_ws/src/teleop_twist_joy/install/setup.bash'
[33.460s] INFO:colcon.colcon_core.shell:Creating prefix script '/home/nick/ros_ws/src/teleop_twist_joy/install/local_setup.zsh'
[33.463s] INFO:colcon.colcon_core.shell:Creating prefix chain script '/home/nick/ros_ws/src/teleop_twist_joy/install/setup.zsh'
